<?xml version="1.0" encoding="UTF-8"?>
<TestRun id="d2846c2d-da15-4bb9-8842-1dc19bfd3706" name="Roger@ROGER-PC 2013-01-10 15:04:23" runUser="Roger-PC\Roger" xmlns="http://microsoft.com/schemas/VisualStudio/TeamTest/2010">
  <TestSettings name="Local" id="eaffeeb8-8d2b-4e29-bbba-d3c228fbd653">
    <Description>Esta es la configuración de pruebas predeterminada para una ejecución de pruebas local.</Description>
    <Deployment userDeploymentRoot="C:\Users\Roger\documents\visual studio 2010\Projects\ClienteClio\TestResults" useDefaultDeploymentRoot="false" enabled="false" runDeploymentRoot="Roger_ROGER-PC 2013-01-10 15_04_23">
      <DeploymentItem filename="C:\Users\Roger\documents\visual studio 2010\Projects\ClienteClio\ClienteClioView\bin\Debug\ClienteClioView.exe" />
      <DeploymentItem filename="C:\Users\Roger\documents\visual studio 2010\Projects\ClienteClio\ClienteClioMain\bin\Debug\ClienteClioMain.exe" />
      <DeploymentItem filename="C:\Users\Roger\documents\visual studio 2010\Projects\ClienteClio\ComunicacionesClienteClio\bin\Debug\ComunicacionesClienteClio.exe" />
      <DeploymentItem filename="C:\Users\Roger\documents\visual studio 2010\Projects\ClienteClio\ClienteClio\bin\Debug\ClienteClio.exe" />
    </Deployment>
    <Execution>
      <TestTypeSpecific />
      <AgentRule name="Execution Agents">
      </AgentRule>
    </Execution>
  </TestSettings>
  <Times creation="2013-01-10T15:04:23.7803174-05:00" queuing="2013-01-10T15:04:23.7883178-05:00" start="2013-01-10T15:04:23.8063189-05:00" finish="2013-01-10T15:04:24.3123478-05:00" />
  <ResultSummary outcome="Completed">
    <Counters total="1" executed="1" passed="1" error="0" failed="0" timeout="0" aborted="0" inconclusive="0" passedButRunAborted="0" notRunnable="0" notExecuted="0" disconnected="0" warning="0" completed="0" inProgress="0" pending="0" />
  </ResultSummary>
  <TestDefinitions>
    <UnitTest name="HardDriveTest" storage="c:\users\roger\documents\visual studio 2010\projects\clienteclio\clientecliotest\bin\debug\clientecliotest.dll" id="61f896be-edde-1e55-f87f-765dae1b960c">
      <Execution id="75612ebf-ec08-47f2-af17-47bf1b98cac5" />
      <TestMethod codeBase="C:/Users/Roger/documents/visual studio 2010/Projects/ClienteClio/ClienteClioTest/bin/Debug/ClienteClioTest.DLL" adapterTypeName="Microsoft.VisualStudio.TestTools.TestTypes.Unit.UnitTestAdapter, Microsoft.VisualStudio.QualityTools.Tips.UnitTest.Adapter, Version=10.0.0.0, Culture=neutral, PublicKeyToken=b03f5f7f11d50a3a" className="ClienteClioTest.SupervisorTest, ClienteClioTest, Version=1.0.0.0, Culture=neutral, PublicKeyToken=null" name="HardDriveTest" />
    </UnitTest>
  </TestDefinitions>
  <TestLists>
    <TestList name="Resultados que no están en la lista" id="8c84fa94-04c1-424b-9868-57a2d4851a1d" />
    <TestList name="Todos los resultados cargados" id="19431567-8539-422a-85d7-44ee4e166bda" />
  </TestLists>
  <TestEntries>
    <TestEntry testId="61f896be-edde-1e55-f87f-765dae1b960c" executionId="75612ebf-ec08-47f2-af17-47bf1b98cac5" testListId="8c84fa94-04c1-424b-9868-57a2d4851a1d" />
  </TestEntries>
  <Results>
    <UnitTestResult executionId="75612ebf-ec08-47f2-af17-47bf1b98cac5" testId="61f896be-edde-1e55-f87f-765dae1b960c" testName="HardDriveTest" computerName="ROGER-PC" duration="00:00:00.0244356" startTime="2013-01-10T15:04:23.8293202-05:00" endTime="2013-01-10T15:04:24.2783459-05:00" testType="13cdc9d9-ddb5-4fa4-a97d-d965ccfc6d4b" outcome="Passed" testListId="8c84fa94-04c1-424b-9868-57a2d4851a1d" relativeResultsDirectory="75612ebf-ec08-47f2-af17-47bf1b98cac5">
    </UnitTestResult>
  </Results>
</TestRun>