<?xml version="1.0" encoding="UTF-8"?>
<TestRun id="a5bf2c35-f1d7-4931-87a8-c05d715812da" name="Roger@ROGER-PC 2013-01-14 10:08:59" runUser="Roger-PC\Roger" xmlns="http://microsoft.com/schemas/VisualStudio/TeamTest/2010">
  <TestSettings name="Local" id="eaffeeb8-8d2b-4e29-bbba-d3c228fbd653">
    <Description>Esta es la configuración de pruebas predeterminada para una ejecución de pruebas local.</Description>
    <Deployment enabled="false" runDeploymentRoot="Roger_ROGER-PC 2013-01-14 10_08_59">
      <DeploymentItem filename="C:\Users\Roger\documents\visual studio 2010\Projects\ClienteClio\ClienteClioView\bin\Debug\ClienteClioView.exe" />
      <DeploymentItem filename="C:\Users\Roger\documents\visual studio 2010\Projects\ClienteClio\ClienteClioMain\bin\Debug\ClienteClioMain.exe" />
      <DeploymentItem filename="C:\Users\Roger\documents\visual studio 2010\Projects\ClienteClio\ComunicacionesClienteClio\bin\Debug\ComunicacionesClienteClio.exe" />
      <DeploymentItem filename="C:\Users\Roger\documents\visual studio 2010\Projects\ClienteClio\ClienteClio\bin\Debug\ClienteClio.exe" />
    </Deployment>
    <Execution>
      <TestTypeSpecific />
      <AgentRule name="Execution Agents">
      </AgentRule>
    </Execution>
  </TestSettings>
  <Times creation="2013-01-14T10:08:59.9944089-05:00" queuing="2013-01-14T10:09:02.4965520-05:00" start="2013-01-14T10:09:02.6725621-05:00" finish="2013-01-14T10:09:03.2475950-05:00" />
  <ResultSummary outcome="Failed">
    <Counters total="1" executed="1" error="0" failed="1" timeout="0" aborted="0" inconclusive="0" passedButRunAborted="0" notRunnable="0" notExecuted="0" disconnected="0" warning="0" passed="0" completed="0" inProgress="0" pending="0" />
  </ResultSummary>
  <TestDefinitions>
    <UnitTest name="LoginTest" storage="c:\users\roger\documents\visual studio 2010\projects\clienteclio\clientecliotest\bin\debug\clientecliotest.dll" id="03b47658-bbe5-adf0-a507-1beddf2b27d6">
      <Execution id="309e8202-f586-4989-a738-e4aba6a78125" />
      <TestMethod codeBase="C:/Users/Roger/documents/visual studio 2010/Projects/ClienteClio/ClienteClioTest/bin/Debug/ClienteClioTest.DLL" adapterTypeName="Microsoft.VisualStudio.TestTools.TestTypes.Unit.UnitTestAdapter, Microsoft.VisualStudio.QualityTools.Tips.UnitTest.Adapter, Version=10.0.0.0, Culture=neutral, PublicKeyToken=b03f5f7f11d50a3a" className="ClienteClioTest.LogicaTest, ClienteClioTest, Version=1.0.0.0, Culture=neutral, PublicKeyToken=null" name="LoginTest" />
    </UnitTest>
  </TestDefinitions>
  <TestLists>
    <TestList name="Resultados que no están en la lista" id="8c84fa94-04c1-424b-9868-57a2d4851a1d" />
    <TestList name="Todos los resultados cargados" id="19431567-8539-422a-85d7-44ee4e166bda" />
  </TestLists>
  <TestEntries>
    <TestEntry testId="03b47658-bbe5-adf0-a507-1beddf2b27d6" executionId="309e8202-f586-4989-a738-e4aba6a78125" testListId="8c84fa94-04c1-424b-9868-57a2d4851a1d" />
  </TestEntries>
  <Results>
    <UnitTestResult executionId="309e8202-f586-4989-a738-e4aba6a78125" testId="03b47658-bbe5-adf0-a507-1beddf2b27d6" testName="LoginTest" computerName="ROGER-PC" duration="00:00:00.2356000" startTime="2013-01-14T10:09:02.6785624-05:00" endTime="2013-01-14T10:09:03.2215935-05:00" testType="13cdc9d9-ddb5-4fa4-a97d-d965ccfc6d4b" outcome="Failed" testListId="8c84fa94-04c1-424b-9868-57a2d4851a1d" relativeResultsDirectory="309e8202-f586-4989-a738-e4aba6a78125">
      <Output>
        <ErrorInfo>
          <Message>El método de prueba ClienteClioTest.LogicaTest.LoginTest produjo la excepción: 
System.Exception: Se produjo una excepción de tipo 'System.Exception'.</Message>
          <StackTrace>    en ClienteClioLogic.Logica.Login(String user, String password) en C:\Users\Roger\documents\visual studio 2010\Projects\ClienteClio\ClienteClio\Logica.cs:línea 14
   en ClienteClioTest.LogicaTest.LoginTest() en C:\Users\Roger\documents\visual studio 2010\Projects\ClienteClio\ClienteClioTest\LogicaTest.cs:línea 77
</StackTrace>
        </ErrorInfo>
      </Output>
    </UnitTestResult>
  </Results>
</TestRun>