<?xml version="1.0" encoding="UTF-8"?>
<TestRun id="4407bea3-333c-4eaf-9830-0deadcd0a8ff" name="Roger@ROGER-PC 2013-01-10 14:26:49" runUser="Roger-PC\Roger" xmlns="http://microsoft.com/schemas/VisualStudio/TeamTest/2010">
  <TestSettings name="Local" id="eaffeeb8-8d2b-4e29-bbba-d3c228fbd653">
    <Description>Esta es la configuración de pruebas predeterminada para una ejecución de pruebas local.</Description>
    <Deployment enabled="false" runDeploymentRoot="Roger_ROGER-PC 2013-01-10 14_26_49">
      <DeploymentItem filename="C:\Users\Roger\documents\visual studio 2010\Projects\ClienteClio\ClienteClio\bin\Debug\ClienteClio.exe" />
    </Deployment>
    <Execution>
      <TestTypeSpecific />
      <AgentRule name="Execution Agents">
      </AgentRule>
    </Execution>
  </TestSettings>
  <Times creation="2013-01-10T14:26:49.6963912-05:00" queuing="2013-01-10T14:26:49.7223927-05:00" start="2013-01-10T14:26:49.7343933-05:00" finish="2013-01-10T14:26:50.4764358-05:00" />
  <ResultSummary outcome="Failed">
    <Counters total="1" executed="1" error="0" failed="1" timeout="0" aborted="0" inconclusive="0" passedButRunAborted="0" notRunnable="0" notExecuted="0" disconnected="0" warning="0" passed="0" completed="0" inProgress="0" pending="0" />
  </ResultSummary>
  <TestDefinitions>
    <UnitTest name="LoginTest" storage="c:\users\roger\documents\visual studio 2010\projects\clienteclio\clientecliotest\bin\debug\clientecliotest.dll" id="03b47658-bbe5-adf0-a507-1beddf2b27d6">
      <Execution id="cfbae958-681a-4260-9e0f-771b1eb54dc8" />
      <TestMethod codeBase="C:/Users/Roger/documents/visual studio 2010/Projects/ClienteClio/ClienteClioTest/bin/Debug/ClienteClioTest.DLL" adapterTypeName="Microsoft.VisualStudio.TestTools.TestTypes.Unit.UnitTestAdapter, Microsoft.VisualStudio.QualityTools.Tips.UnitTest.Adapter, Version=10.0.0.0, Culture=neutral, PublicKeyToken=b03f5f7f11d50a3a" className="ClienteClioTest.LogicaTest, ClienteClioTest, Version=1.0.0.0, Culture=neutral, PublicKeyToken=null" name="LoginTest" />
    </UnitTest>
  </TestDefinitions>
  <TestLists>
    <TestList name="Resultados que no están en la lista" id="8c84fa94-04c1-424b-9868-57a2d4851a1d" />
    <TestList name="Todos los resultados cargados" id="19431567-8539-422a-85d7-44ee4e166bda" />
  </TestLists>
  <TestEntries>
    <TestEntry testId="03b47658-bbe5-adf0-a507-1beddf2b27d6" executionId="cfbae958-681a-4260-9e0f-771b1eb54dc8" testListId="8c84fa94-04c1-424b-9868-57a2d4851a1d" />
  </TestEntries>
  <Results>
    <UnitTestResult executionId="cfbae958-681a-4260-9e0f-771b1eb54dc8" testId="03b47658-bbe5-adf0-a507-1beddf2b27d6" testName="LoginTest" computerName="ROGER-PC" duration="00:00:00.1826164" startTime="2013-01-10T14:26:49.7433939-05:00" endTime="2013-01-10T14:26:50.4254329-05:00" testType="13cdc9d9-ddb5-4fa4-a97d-d965ccfc6d4b" outcome="Failed" testListId="8c84fa94-04c1-424b-9868-57a2d4851a1d" relativeResultsDirectory="cfbae958-681a-4260-9e0f-771b1eb54dc8">
      <Output>
        <ErrorInfo>
          <Message>El método de prueba ClienteClioTest.LogicaTest.LoginTest produjo la excepción: 
System.InvalidOperationException: No se encontró el elemento de extremo predeterminado que hace referencia al contrato 'ClioServer.Registro' en la sección de configuración de cliente de ServiceModel. La razón puede ser que no se encontró ningún archivo de configuración para la aplicación o que no se encontró ningún elemento de extremo correspondiente a este contrato en el elemento de cliente.</Message>
          <StackTrace>    en System.ServiceModel.Description.ConfigLoader.LoadChannelBehaviors(ServiceEndpoint serviceEndpoint, String configurationName)
   en System.ServiceModel.ChannelFactory.ApplyConfiguration(String configurationName, Configuration configuration)
   en System.ServiceModel.ChannelFactory.ApplyConfiguration(String configurationName)
   en System.ServiceModel.ChannelFactory.InitializeEndpoint(String configurationName, EndpointAddress address)
   en System.ServiceModel.ChannelFactory`1..ctor(String endpointConfigurationName, EndpointAddress remoteAddress)
   en System.ServiceModel.EndpointTrait`1.CreateSimplexFactory()
   en System.ServiceModel.ClientBase`1.CreateChannelFactoryRef(EndpointTrait`1 endpointTrait)
   en System.ServiceModel.ClientBase`1.InitializeChannelFactoryRef()
   en System.ServiceModel.ClientBase`1..ctor()
   en ClienteClioLogic.ClioServer.RegistroClient..ctor() en C:\Users\Roger\Documents\Visual Studio 2010\Projects\ClienteClio\ClienteClio\Service References\ClioServer\Reference.cs:línea 251
   en ClienteClioLogic.Logica.Login(String user, String password) en C:\Users\Roger\documents\visual studio 2010\Projects\ClienteClio\ClienteClio\Logica.cs:línea 16
   en ClienteClioTest.LogicaTest.LoginTest() en C:\Users\Roger\documents\visual studio 2010\Projects\ClienteClio\ClienteClioTest\LogicaTest.cs:línea 77
</StackTrace>
        </ErrorInfo>
      </Output>
    </UnitTestResult>
  </Results>
</TestRun>